<?xml version="1.0" encoding="UTF-8"?><testsuite errors="0" failures="0" name="Lab5SerenityJUnit.features.search.SearchByKeywordStory" skipped="1" tests="5" time="38.16" timestamp="2021-04-109 01:42:21"><testcase classname="Lab5SerenityJUnit.features.search.SearchByKeywordStory" name="Searching by keyword pineapple should display the corresponding article"/><testcase classname="Lab5SerenityJUnit.features.search.SearchByKeywordStory" name="Searching by keyword kiwi should display the corresponding article"/><testcase classname="Lab5SerenityJUnit.features.search.SearchByKeywordStory" name="Searching by keyword banana should display the corresponding article"/><testcase classname="Lab5SerenityJUnit.features.search.SearchByKeywordStory" name="Searching by ambiguious keyword should display the disambiguation page"><skipped/></testcase><testcase classname="Lab5SerenityJUnit.features.search.SearchByKeywordStory" name="Searching by keyword apple should display the corresponding article"/></testsuite>